<?xml version="1.0" encoding="UTF-8"?>
<!-- Generated by org.testng.reporters.JUnitXMLReporter -->
<testsuite ignored="1" hostname="DESKTOP-S06RMK2" failures="0" tests="4" name="loandepartment" time="0.124" errors="0" timestamp="2024-04-17T16:39:59 IST">
  <testcase classname="rahulShettyTestng.day1" name="setuppppp" time="0.022"/>
  <testcase classname="rahulShettyTestng.day1" name="personalloan" time="0.024"/>
  <testcase classname="rahulShettyTestng.day1" name="setuppppp" time="0.003"/>
  <testcase classname="rahulShettyTestng.day1" name="setuppppp" time="0.001"/>
  <testcase classname="rahulShettyTestng.day1" name="setup" time="0.0">
    <ignored/>
  </testcase> <!-- setup -->
</testsuite> <!-- loandepartment -->
