<?xml version="1.0" encoding="UTF-8"?>
<!-- Generated by org.testng.reporters.JUnitXMLReporter -->
<testsuite ignored="0" hostname="DESKTOP-S06RMK2" failures="0" tests="6" name="Test" time="10.333" errors="0" timestamp="2024-04-09T14:22:07 IST">
  <testcase classname="rahulShettyTestng.day3" name="bmwpersonalloan" time="0.007"/>
  <testcase classname="rahulShettyTestng.day3" name="breezapersonalloan" time="0.001"/>
  <testcase classname="rahulShettyTestng.day2" name="carloan" time="0.001"/>
  <testcase classname="rahulShettyTestng.day2" name="hello" time="0.002"/>
  <testcase classname="rahulShettyTestng.day1" name="afterexecute" time="3.789"/>
  <testcase classname="rahulShettyTestng.day1" name="personalloan" time="2.219"/>
</testsuite> <!-- Test -->
