<?xml version="1.0" encoding="UTF-8"?>
<!-- Generated by org.testng.reporters.JUnitXMLReporter -->
<testsuite ignored="0" hostname="DESKTOP-S06RMK2" failures="1" tests="2" name="Default test(failed)(failed)" time="0.069" errors="0" timestamp="2024-04-10T14:17:51 IST">
  <testcase classname="rahulShettyTestng.day1" name="personalloan" time="0.011">
    <failure type="java.lang.AssertionError" message="expected [false] but found [true]">
      <![CDATA[java.lang.AssertionError: expected [false] but found [true]
at rahulShettyTestng.day1.personalloan(day1.java:19)
at java.base/java.util.ArrayList.forEach(ArrayList.java:1511)
... Removed 33 stack frames]]>
    </failure>
  </testcase> <!-- personalloan -->
  <testcase classname="rahulShettyTestng.day1" name="setup" time="0.001"/>
</testsuite> <!-- Default test(failed)(failed) -->
